c:\users\shaharlinial\source\repos\mmn17\mmn17\debug\vc141.pdb
c:\users\shaharlinial\source\repos\mmn17\mmn17\debug\vc141.idb
c:\users\shaharlinial\source\repos\mmn17\mmn17\debug\source.obj
c:\users\shaharlinial\source\repos\mmn17\mmn17\debug\main.obj
c:\users\shaharlinial\source\repos\mmn17\mmn17\debug\imgui_widgets.obj
c:\users\shaharlinial\source\repos\mmn17\mmn17\debug\imgui_impl_opengl2.obj
c:\users\shaharlinial\source\repos\mmn17\mmn17\debug\imgui_impl_freeglut.obj
c:\users\shaharlinial\source\repos\mmn17\mmn17\debug\imgui_draw.obj
c:\users\shaharlinial\source\repos\mmn17\mmn17\debug\imgui_demo.obj
c:\users\shaharlinial\source\repos\mmn17\mmn17\debug\imgui.obj
c:\users\shaharlinial\source\repos\mmn17\debug\mmn17.lib
c:\users\shaharlinial\source\repos\mmn17\debug\mmn17.exe
c:\users\shaharlinial\source\repos\mmn17\debug\mmn17.ilk
c:\users\shaharlinial\source\repos\mmn17\debug\mmn17.pdb
c:\users\shaharlinial\source\repos\mmn17\debug\mmn17.exp
c:\users\shaharlinial\source\repos\mmn17\mmn17\debug\mmn17.idb
c:\users\shaharlinial\source\repos\mmn17\mmn17\debug\mmn17.pdb
c:\users\shaharlinial\source\repos\mmn17\mmn17\debug\mmn17.tlog\cl.command.1.tlog
c:\users\shaharlinial\source\repos\mmn17\mmn17\debug\mmn17.tlog\cl.read.1.tlog
c:\users\shaharlinial\source\repos\mmn17\mmn17\debug\mmn17.tlog\cl.write.1.tlog
c:\users\shaharlinial\source\repos\mmn17\mmn17\debug\mmn17.tlog\lib-link.read.1.tlog
c:\users\shaharlinial\source\repos\mmn17\mmn17\debug\mmn17.tlog\lib-link.write.1.tlog
c:\users\shaharlinial\source\repos\mmn17\mmn17\debug\mmn17.tlog\lib.command.1.tlog
c:\users\shaharlinial\source\repos\mmn17\mmn17\debug\mmn17.tlog\link.10720.delete.1.tlog
c:\users\shaharlinial\source\repos\mmn17\mmn17\debug\mmn17.tlog\link.11080.delete.1.tlog
c:\users\shaharlinial\source\repos\mmn17\mmn17\debug\mmn17.tlog\link.12040.delete.1.tlog
c:\users\shaharlinial\source\repos\mmn17\mmn17\debug\mmn17.tlog\link.12076.delete.1.tlog
c:\users\shaharlinial\source\repos\mmn17\mmn17\debug\mmn17.tlog\link.12116.delete.1.tlog
c:\users\shaharlinial\source\repos\mmn17\mmn17\debug\mmn17.tlog\link.12268.delete.1.tlog
c:\users\shaharlinial\source\repos\mmn17\mmn17\debug\mmn17.tlog\link.12920.delete.1.tlog
c:\users\shaharlinial\source\repos\mmn17\mmn17\debug\mmn17.tlog\link.13552.delete.1.tlog
c:\users\shaharlinial\source\repos\mmn17\mmn17\debug\mmn17.tlog\link.13616.delete.1.tlog
c:\users\shaharlinial\source\repos\mmn17\mmn17\debug\mmn17.tlog\link.13676.delete.1.tlog
c:\users\shaharlinial\source\repos\mmn17\mmn17\debug\mmn17.tlog\link.13852.delete.1.tlog
c:\users\shaharlinial\source\repos\mmn17\mmn17\debug\mmn17.tlog\link.14448.delete.1.tlog
c:\users\shaharlinial\source\repos\mmn17\mmn17\debug\mmn17.tlog\link.14472.delete.1.tlog
c:\users\shaharlinial\source\repos\mmn17\mmn17\debug\mmn17.tlog\link.15124.delete.1.tlog
c:\users\shaharlinial\source\repos\mmn17\mmn17\debug\mmn17.tlog\link.15240.delete.1.tlog
c:\users\shaharlinial\source\repos\mmn17\mmn17\debug\mmn17.tlog\link.15276.delete.1.tlog
c:\users\shaharlinial\source\repos\mmn17\mmn17\debug\mmn17.tlog\link.15356.delete.1.tlog
c:\users\shaharlinial\source\repos\mmn17\mmn17\debug\mmn17.tlog\link.2184.delete.1.tlog
c:\users\shaharlinial\source\repos\mmn17\mmn17\debug\mmn17.tlog\link.2888.delete.1.tlog
c:\users\shaharlinial\source\repos\mmn17\mmn17\debug\mmn17.tlog\link.400.delete.1.tlog
c:\users\shaharlinial\source\repos\mmn17\mmn17\debug\mmn17.tlog\link.4132.delete.1.tlog
c:\users\shaharlinial\source\repos\mmn17\mmn17\debug\mmn17.tlog\link.4156.delete.1.tlog
c:\users\shaharlinial\source\repos\mmn17\mmn17\debug\mmn17.tlog\link.4880.delete.1.tlog
c:\users\shaharlinial\source\repos\mmn17\mmn17\debug\mmn17.tlog\link.5932.delete.1.tlog
c:\users\shaharlinial\source\repos\mmn17\mmn17\debug\mmn17.tlog\link.6060.delete.1.tlog
c:\users\shaharlinial\source\repos\mmn17\mmn17\debug\mmn17.tlog\link.7280.delete.1.tlog
c:\users\shaharlinial\source\repos\mmn17\mmn17\debug\mmn17.tlog\link.8392.delete.1.tlog
c:\users\shaharlinial\source\repos\mmn17\mmn17\debug\mmn17.tlog\link.8760.delete.1.tlog
c:\users\shaharlinial\source\repos\mmn17\mmn17\debug\mmn17.tlog\link.9312.delete.1.tlog
c:\users\shaharlinial\source\repos\mmn17\mmn17\debug\mmn17.tlog\link.9324.delete.1.tlog
c:\users\shaharlinial\source\repos\mmn17\mmn17\debug\mmn17.tlog\link.9352.delete.1.tlog
c:\users\shaharlinial\source\repos\mmn17\mmn17\debug\mmn17.tlog\link.9556.delete.1.tlog
c:\users\shaharlinial\source\repos\mmn17\mmn17\debug\mmn17.tlog\link.9656.delete.1.tlog
c:\users\shaharlinial\source\repos\mmn17\mmn17\debug\mmn17.tlog\link.command.1.tlog
c:\users\shaharlinial\source\repos\mmn17\mmn17\debug\mmn17.tlog\link.delete.1.tlog
c:\users\shaharlinial\source\repos\mmn17\mmn17\debug\mmn17.tlog\link.read.1.tlog
c:\users\shaharlinial\source\repos\mmn17\mmn17\debug\mmn17.tlog\link.write.1.tlog
c:\users\shaharlinial\source\repos\mmn17\mmn17\debug\mmn17.tlog\mmn17.write.1u.tlog
